hg19_wgEncodeGencodeBasicV12_ENST00000424518.1	673	683	chr10:135178806-135179438	383	393	10	0		R	-	A	0.6
hg19_wgEncodeGencodeBasicV12_ENST00000424518.1	1391	1401	chr10:20008191-20008845	542	552	10	0		M	-	P	0.3
hg19_wgEncodeGencodeBasicV12_ENST00000424518.1	842	853	chr10:27165015-27165718	357	368	11	0		R	-	A	0.27
hg19_wgEncodeGencodeBasicV12_ENST00000424518.1	2015	2025	chr10:64535717-64536372	50	60	10	0		R	-	A	0.1
hg19_wgEncodeGencodeBasicV12_ENST00000424518.1	389	399	chr10:65482094-65482747	199	209	10	0		R	-	A	0.7
hg19_wgEncodeGencodeBasicV12_ENST00000424518.1	426	436	chr10:76008293-76008994	664	674	10	0		R	+	A	0.7
hg19_wgEncodeGencodeBasicV12_ENST00000424518.1	1389	1401	chr10:78953717-78954469	241	253	12	0		M	+	P	0.33
hg19_wgEncodeGencodeBasicV12_ENST00000424518.1	842	853	chr10:91620241-91620945	514	525	11	0		R	+	A	0.27
hg19_wgEncodeGencodeBasicV12_ENST00000424518.1	1390	1400	chr10:93144316-93145073	182	192	10	0		M	-	P	0.3
hg19_wgEncodeGencodeBasicV12_ENST00000424518.1	1391	1402	chr10:93144316-93145073	505	516	11	0		M	-	P	0.36
hg19_wgEncodeGencodeBasicV12_ENST00000424518.1	669	679	chr1:103242062-103242838	218	228	10	0		R	+	A	0.6
hg19_wgEncodeGencodeBasicV12_ENST00000424518.1	2015	2025	chr11:108328713-108329291	179	189	10	0		R	-	A	0.1
hg19_wgEncodeGencodeBasicV12_ENST00000424518.1	424	437	chr11:112841365-112842115	494	507	13	0		R	+	A	0.69
hg19_wgEncodeGencodeBasicV12_ENST00000424518.1	391	401	chr11:112841365-112842115	504	514	10	0		R	+	A	0.6
hg19_wgEncodeGencodeBasicV12_ENST00000424518.1	841	851	chr11:114533390-114534018	552	562	10	0		R	+	A	0.4
hg19_wgEncodeGencodeBasicV12_ENST00000424518.1	427	437	chr11:117481090-117481642	176	186	10	0		R	+	A	0.7
hg19_wgEncodeGencodeBasicV12_ENST00000424518.1	1391	1402	chr11:117481090-117481642	250	261	11	0		M	-	P	0.36
hg19_wgEncodeGencodeBasicV12_ENST00000424518.1	423	434	chr11:119778961-119779618	20	31	11	0		R	+	A	0.55
hg19_wgEncodeGencodeBasicV12_ENST00000424518.1	391	401	chr11:120262039-120262891	517	527	10	0		R	+	A	0.6
hg19_wgEncodeGencodeBasicV12_ENST00000424518.1	670	680	chr11:123622615-123623392	14	24	10	0		R	+	A	0.6
hg19_wgEncodeGencodeBasicV12_ENST00000424518.1	1482	1492	chr11:126529461-126530266	587	597	10	0		M	+	P	0.6
hg19_wgEncodeGencodeBasicV12_ENST00000424518.1	422	432	chr11:13789447-13790175	710	720	10	0		R	-	A	0.6
hg19_wgEncodeGencodeBasicV12_ENST00000424518.1	391	401	chr11:17802445-17803298	584	594	10	0		R	+	A	0.6
hg19_wgEncodeGencodeBasicV12_ENST00000424518.1	2015	2025	chr11:35958621-35959352	193	203	10	0		R	+	A	0.1
hg19_wgEncodeGencodeBasicV12_ENST00000424518.1	390	400	chr11:45061246-45061977	600	610	10	0		R	-	A	0.6
hg19_wgEncodeGencodeBasicV12_ENST00000424518.1	426	437	chr11:48064074-48064799	71	82	11	0		R	-	A	0.73
hg19_wgEncodeGencodeBasicV12_ENST00000424518.1	1482	1492	chr11:62184223-62184898	187	197	10	0		M	+	P	0.6
hg19_wgEncodeGencodeBasicV12_ENST00000424518.1	424	435	chr11:63837745-63838827	579	590	11	0		R	+	A	0.64
hg19_wgEncodeGencodeBasicV12_ENST00000424518.1	426	436	chr11:63837745-63838827	938	948	10	0		R	-	A	0.7
hg19_wgEncodeGencodeBasicV12_ENST00000424518.1	674	684	chr11:69214965-69215744	276	286	10	0		R	+	A	0.5
hg19_wgEncodeGencodeBasicV12_ENST00000424518.1	422	432	chr11:69678970-69679650	432	442	10	0		R	-	A	0.6
hg19_wgEncodeGencodeBasicV12_ENST00000424518.1	41	51	chr1:172055527-172056277	638	648	10	0		R	-	A	0.4
hg19_wgEncodeGencodeBasicV12_ENST00000424518.1	670	680	chr1:17531485-17532137	111	121	10	0		R	+	A	0.6
hg19_wgEncodeGencodeBasicV12_ENST00000424518.1	1391	1402	chr11:77292350-77292977	9	20	11	0		M	-	A	0.36
hg19_wgEncodeGencodeBasicV12_ENST00000424518.1	1482	1492	chr1:201314276-201314955	277	287	10	0		M	+	P	0.6
hg19_wgEncodeGencodeBasicV12_ENST00000424518.1	509	519	chr1:202672026-202672578	204	214	10	0		R	+	A	0.4
hg19_wgEncodeGencodeBasicV12_ENST00000424518.1	391	401	chr1:202672026-202672578	522	532	10	0		R	+	A	0.6
hg19_wgEncodeGencodeBasicV12_ENST00000424518.1	423	434	chr12:114594666-114595519	537	548	11	0		R	+	A	0.55
hg19_wgEncodeGencodeBasicV12_ENST00000424518.1	426	436	chr12:120216963-120217719	580	590	10	0		R	+	A	0.7
hg19_wgEncodeGencodeBasicV12_ENST00000424518.1	509	519	chr12:129820269-129821000	163	173	10	0		R	+	A	0.4
hg19_wgEncodeGencodeBasicV12_ENST00000424518.1	1390	1400	chr1:229381101-229381751	476	486	10	0		M	+	P	0.3
hg19_wgEncodeGencodeBasicV12_ENST00000424518.1	840	851	chr1:242088802-242089380	343	354	11	0		R	-	A	0.45
hg19_wgEncodeGencodeBasicV12_ENST00000424518.1	842	853	chr12:54355881-54358432	1778	1789	11	0		R	-	A	0.27
hg19_wgEncodeGencodeBasicV12_ENST00000424518.1	1388	1398	chr12:54359354-54360409	586	596	10	0		M	-	P	0.4
hg19_wgEncodeGencodeBasicV12_ENST00000424518.1	424	437	chr12:54359354-54360409	645	658	13	0		R	-	A	0.69
hg19_wgEncodeGencodeBasicV12_ENST00000424518.1	425	436	chr12:54360679-54361484	14	25	11	0		R	+	A	0.64
hg19_wgEncodeGencodeBasicV12_ENST00000424518.1	1388	1400	chr12:54362209-54362784	457	469	12	0		M	-	A	0.33
hg19_wgEncodeGencodeBasicV12_ENST00000424518.1	389	399	chr12:69886179-69886835	238	248	10	0		R	+	A	0.7
hg19_wgEncodeGencodeBasicV12_ENST00000424518.1	2015	2025	chr12:76643847-76644425	155	165	10	0		R	+	A	0.1
hg19_wgEncodeGencodeBasicV12_ENST00000424518.1	843	853	chr12:87623491-87624069	326	336	10	0		R	-	A	0.3
hg19_wgEncodeGencodeBasicV12_ENST00000424518.1	669	679	chr12:92788965-92789596	31	41	10	0		R	-	A	0.6
hg19_wgEncodeGencodeBasicV12_ENST00000424518.1	1482	1492	chr12:99139716-99140472	197	207	10	0		M	+	P	0.6
hg19_wgEncodeGencodeBasicV12_ENST00000424518.1	426	436	chr1:33359184-33359841	294	304	10	0		R	-	A	0.7
hg19_wgEncodeGencodeBasicV12_ENST00000424518.1	1389	1400	chr13:90858946-90859800	391	402	11	0		M	-	P	0.27
hg19_wgEncodeGencodeBasicV12_ENST00000424518.1	838	849	chr14:35877146-35877999	339	350	11	0		R	+	A	0.55
hg19_wgEncodeGencodeBasicV12_ENST00000424518.1	1390	1401	chr14:50086474-50087202	248	259	11	0		M	-	P	0.36
hg19_wgEncodeGencodeBasicV12_ENST00000424518.1	673	684	chr14:52717146-52717777	455	466	11	0		R	+	A	0.55
hg19_wgEncodeGencodeBasicV12_ENST00000424518.1	670	683	chr14:61672593-61673347	192	205	13	0		R	+	A	0.62
hg19_wgEncodeGencodeBasicV12_ENST00000424518.1	838	848	chr14:61672593-61673347	44	54	10	0		R	-	A	0.5
hg19_wgEncodeGencodeBasicV12_ENST00000424518.1	674	685	chr14:70568194-70568946	293	304	11	0		R	+	A	0.55
hg19_wgEncodeGencodeBasicV12_ENST00000424518.1	1482	1492	chr1:5019739-5020468	221	231	10	0		M	+	P	0.6
hg19_wgEncodeGencodeBasicV12_ENST00000424518.1	674	684	chr1:5019739-5020468	231	241	10	0		R	+	A	0.5
hg19_wgEncodeGencodeBasicV12_ENST00000424518.1	1388	1398	chr1:52779209-52779915	479	489	10	0		M	+	P	0.4
hg19_wgEncodeGencodeBasicV12_ENST00000424518.1	390	400	chr1:54763586-54764464	789	799	10	0		R	-	A	0.6
hg19_wgEncodeGencodeBasicV12_ENST00000424518.1	1482	1492	chr16:50647699-50648300	24	34	10	0		M	-	A	0.6
hg19_wgEncodeGencodeBasicV12_ENST00000424518.1	675	685	chr16:50647699-50648300	25	35	10	0		R	-	A	0.6
hg19_wgEncodeGencodeBasicV12_ENST00000424518.1	389	401	chr16:58353896-58354677	402	414	12	0		R	+	A	0.67
hg19_wgEncodeGencodeBasicV12_ENST00000424518.1	1389	1399	chr1:68363059-68363763	337	347	10	0		M	-	P	0.3
hg19_wgEncodeGencodeBasicV12_ENST00000424518.1	669	679	chr1:68640059-68641136	399	409	10	0		R	-	A	0.6
hg19_wgEncodeGencodeBasicV12_ENST00000424518.1	839	849	chr1:68640059-68641136	605	615	10	0		R	+	A	0.5
hg19_wgEncodeGencodeBasicV12_ENST00000424518.1	669	679	chr17:17967496-17968103	399	409	10	0		R	-	A	0.6
hg19_wgEncodeGencodeBasicV12_ENST00000424518.1	424	434	chr17:31416333-31416937	19	29	10	0		R	+	A	0.6
hg19_wgEncodeGencodeBasicV12_ENST00000424518.1	669	679	chr17:37028747-37029302	307	317	10	0		R	-	A	0.6
hg19_wgEncodeGencodeBasicV12_ENST00000424518.1	424	434	chr17:37028747-37029302	445	455	10	0		R	+	A	0.6
hg19_wgEncodeGencodeBasicV12_ENST00000424518.1	672	683	chr17:50466722-50467329	238	249	11	0		R	+	A	0.64
hg19_wgEncodeGencodeBasicV12_ENST00000424518.1	1390	1400	chr17:6203276-6203978	300	310	10	0		M	-	A	0.3
hg19_wgEncodeGencodeBasicV12_ENST00000424518.1	422	433	chr17:73844577-73845356	401	412	11	0		R	-	A	0.55
hg19_wgEncodeGencodeBasicV12_ENST00000424518.1	389	399	chr17:78070178-78070955	504	514	10	0		R	-	A	0.7
hg19_wgEncodeGencodeBasicV12_ENST00000424518.1	2015	2025	chr18:37629152-37629878	133	143	10	0		R	+	A	0.1
hg19_wgEncodeGencodeBasicV12_ENST00000424518.1	842	853	chr18:39593152-39593878	449	460	11	0		R	-	A	0.27
hg19_wgEncodeGencodeBasicV12_ENST00000424518.1	509	519	chr18:39593152-39593878	470	480	10	0		R	-	A	0.4
hg19_wgEncodeGencodeBasicV12_ENST00000424518.1	427	437	chr18:70274016-70274773	66	76	10	0		R	+	A	0.7
hg19_wgEncodeGencodeBasicV12_ENST00000424518.1	669	679	chr1:8879638-8880341	282	292	10	0		R	+	A	0.6
hg19_wgEncodeGencodeBasicV12_ENST00000424518.1	2015	2025	chr19:13140648-13141327	622	632	10	0		R	-	A	0.1
hg19_wgEncodeGencodeBasicV12_ENST00000424518.1	1388	1399	chr19:47246284-47246961	378	389	11	0		M	-	P	0.36
hg19_wgEncodeGencodeBasicV12_ENST00000424518.1	391	401	chr19:48828434-48828987	233	243	10	0		R	+	A	0.6
hg19_wgEncodeGencodeBasicV12_ENST00000424518.1	426	436	chr19:48828434-48828987	306	316	10	0		R	+	A	0.7
hg19_wgEncodeGencodeBasicV12_ENST00000424518.1	669	679	chr19:48828434-48828987	352	362	10	0		R	+	A	0.6
hg19_wgEncodeGencodeBasicV12_ENST00000424518.1	1482	1492	chr19:50879538-50880163	377	387	10	0		M	-	A	0.6
hg19_wgEncodeGencodeBasicV12_ENST00000424518.1	675	685	chr19:50879538-50880163	378	388	10	0		R	-	A	0.6
hg19_wgEncodeGencodeBasicV12_ENST00000424518.1	422	432	chr19:50879538-50880163	383	393	10	0		R	-	A	0.6
hg19_wgEncodeGencodeBasicV12_ENST00000424518.1	840	850	chr1:98513558-98514311	352	362	10	0		R	-	A	0.5
hg19_wgEncodeGencodeBasicV12_ENST00000424518.1	842	853	chr1:98513558-98514311	630	641	11	0		R	+	A	0.27
hg19_wgEncodeGencodeBasicV12_ENST00000424518.1	840	850	chr20:31603036-31603816	411	421	10	0		R	+	A	0.5
hg19_wgEncodeGencodeBasicV12_ENST00000424518.1	669	679	chr20:41002085-41002862	274	284	10	0		R	+	A	0.6
hg19_wgEncodeGencodeBasicV12_ENST00000424518.1	390	400	chr20:41707235-41707863	552	562	10	0		R	-	A	0.6
hg19_wgEncodeGencodeBasicV12_ENST00000424518.1	389	401	chr20:41707235-41707863	597	609	12	0		R	-	A	0.67
hg19_wgEncodeGencodeBasicV12_ENST00000424518.1	1389	1399	chr20:48620840-48621343	398	408	10	0		M	-	P	0.3
hg19_wgEncodeGencodeBasicV12_ENST00000424518.1	2015	2025	chr20:49265239-49266239	738	748	10	0		R	+	A	0.1
hg19_wgEncodeGencodeBasicV12_ENST00000424518.1	509	519	chr20:54724493-54725296	106	116	10	0		R	-	A	0.4
hg19_wgEncodeGencodeBasicV12_ENST00000424518.1	840	850	chr20:55532415-55533243	476	486	10	0		R	-	A	0.5
hg19_wgEncodeGencodeBasicV12_ENST00000424518.1	422	432	chr20:62579753-62580455	77	87	10	0		R	+	A	0.6
hg19_wgEncodeGencodeBasicV12_ENST00000424518.1	1391	1401	chr2:103592165-103592721	23	33	10	0		M	+	A	0.3
hg19_wgEncodeGencodeBasicV12_ENST00000424518.1	672	682	chr2:127013102-127013629	260	270	10	0		R	+	A	0.6
hg19_wgEncodeGencodeBasicV12_ENST00000424518.1	1388	1399	chr2:133341078-133341706	483	494	11	0		M	+	P	0.36
hg19_wgEncodeGencodeBasicV12_ENST00000424518.1	674	685	chr2:133377926-133378480	334	345	11	0		R	-	A	0.55
hg19_wgEncodeGencodeBasicV12_ENST00000424518.1	425	436	chr21:43739502-43740133	96	107	11	0		R	+	A	0.64
hg19_wgEncodeGencodeBasicV12_ENST00000424518.1	1482	1492	chr2:153724879-153725505	587	597	10	0		M	+	P	0.6
hg19_wgEncodeGencodeBasicV12_ENST00000424518.1	2015	2025	chr2:167936328-167937057	242	252	10	0		R	+	A	0.1
hg19_wgEncodeGencodeBasicV12_ENST00000424518.1	1391	1401	chr2:167936328-167937057	41	51	10	0		M	-	A	0.3
hg19_wgEncodeGencodeBasicV12_ENST00000424518.1	1482	1492	chr2:16864943-16865520	332	342	10	0		M	-	A	0.6
hg19_wgEncodeGencodeBasicV12_ENST00000424518.1	1388	1398	chr2:179086203-179086854	517	527	10	0		M	-	P	0.4
hg19_wgEncodeGencodeBasicV12_ENST00000424518.1	674	684	chr2:221163479-221164306	305	315	10	0		R	+	A	0.5
hg19_wgEncodeGencodeBasicV12_ENST00000424518.1	841	852	chr2:221163479-221164306	67	78	11	0		R	-	A	0.36
hg19_wgEncodeGencodeBasicV12_ENST00000424518.1	427	437	chr2:222095606-222096283	21	31	10	0		R	+	A	0.7
hg19_wgEncodeGencodeBasicV12_ENST00000424518.1	1389	1400	chr22:43370727-43371409	47	58	11	0		M	+	A	0.27
hg19_wgEncodeGencodeBasicV12_ENST00000424518.1	1389	1402	chr22:43370727-43371409	82	95	13	0		M	+	A	0.38
hg19_wgEncodeGencodeBasicV12_ENST00000424518.1	1390	1400	chr2:38634669-38635322	173	183	10	0		M	-	A	0.3
hg19_wgEncodeGencodeBasicV12_ENST00000424518.1	2015	2025	chr2:42185542-42186296	649	659	10	0		R	-	A	0.1
hg19_wgEncodeGencodeBasicV12_ENST00000424518.1	675	685	chr2:45144092-45144670	36	46	10	0		R	+	A	0.6
hg19_wgEncodeGencodeBasicV12_ENST00000424518.1	509	519	chr2:45824696-45825397	464	474	10	0		R	+	A	0.4
hg19_wgEncodeGencodeBasicV12_ENST00000424518.1	674	684	chr2:45824696-45825397	469	479	10	0		R	+	A	0.5
hg19_wgEncodeGencodeBasicV12_ENST00000424518.1	1390	1400	chr2:53085242-53086073	512	522	10	0		M	+	P	0.3
hg19_wgEncodeGencodeBasicV12_ENST00000424518.1	425	435	chr2:95795173-95795850	128	138	10	0		R	-	A	0.6
hg19_wgEncodeGencodeBasicV12_ENST00000424518.1	1392	1402	chr3:104081106-104081711	176	186	10	0		M	+	A	0.4
hg19_wgEncodeGencodeBasicV12_ENST00000424518.1	1391	1401	chr3:104148459-104149136	529	539	10	0		M	-	A	0.3
hg19_wgEncodeGencodeBasicV12_ENST00000424518.1	840	850	chr3:107771731-107772488	351	361	10	0		R	+	A	0.5
hg19_wgEncodeGencodeBasicV12_ENST00000424518.1	1388	1398	chr3:13385147-13385978	524	534	10	0		M	-	P	0.4
hg19_wgEncodeGencodeBasicV12_ENST00000424518.1	669	679	chr3:140988560-140989060	304	314	10	0		R	+	A	0.6
hg19_wgEncodeGencodeBasicV12_ENST00000424518.1	1388	1399	chr3:147511981-147512638	297	308	11	0		M	+	A	0.36
hg19_wgEncodeGencodeBasicV12_ENST00000424518.1	840	850	chr3:166470183-166470781	254	264	10	0		R	-	A	0.5
hg19_wgEncodeGencodeBasicV12_ENST00000424518.1	1391	1401	chr3:179693202-179693931	243	253	10	0		M	+	A	0.3
hg19_wgEncodeGencodeBasicV12_ENST00000424518.1	839	852	chr3:179693202-179693931	37	50	13	0		R	+	A	0.38
hg19_wgEncodeGencodeBasicV12_ENST00000424518.1	1389	1400	chr3:186016302-186016982	278	289	11	0		M	+	P	0.27
hg19_wgEncodeGencodeBasicV12_ENST00000424518.1	425	435	chr3:197628049-197628730	485	495	10	0		R	+	A	0.6
hg19_wgEncodeGencodeBasicV12_ENST00000424518.1	1390	1400	chr3:53408957-53409560	395	405	10	0		M	-	P	0.3
hg19_wgEncodeGencodeBasicV12_ENST00000424518.1	840	850	chr3:56551032-56551561	423	433	10	0		R	+	A	0.5
hg19_wgEncodeGencodeBasicV12_ENST00000424518.1	842	852	chr3:66059331-66060062	165	175	10	0		R	-	A	0.3
hg19_wgEncodeGencodeBasicV12_ENST00000424518.1	670	680	chr3:67261310-67261886	500	510	10	0		R	+	A	0.6
hg19_wgEncodeGencodeBasicV12_ENST00000424518.1	838	848	chr3:78399933-78400636	417	427	10	0		R	-	A	0.5
hg19_wgEncodeGencodeBasicV12_ENST00000424518.1	669	681	chr3:9778298-9779102	562	574	12	0		R	-	A	0.58
hg19_wgEncodeGencodeBasicV12_ENST00000424518.1	2015	2025	chr3:99638631-99639386	471	481	10	0		R	-	A	0.1
hg19_wgEncodeGencodeBasicV12_ENST00000424518.1	1391	1402	chr4:118341624-118342153	397	408	11	0		M	-	A	0.36
hg19_wgEncodeGencodeBasicV12_ENST00000424518.1	1389	1399	chr4:123163996-123164678	358	368	10	0		M	-	P	0.3
hg19_wgEncodeGencodeBasicV12_ENST00000424518.1	1389	1399	chr4:138903721-138904303	85	95	10	0		M	-	P	0.3
hg19_wgEncodeGencodeBasicV12_ENST00000424518.1	840	851	chr4:139340023-139340703	343	354	11	0		R	+	A	0.45
hg19_wgEncodeGencodeBasicV12_ENST00000424518.1	1392	1402	chr4:158420871-158421527	507	517	10	0		M	+	P	0.4
hg19_wgEncodeGencodeBasicV12_ENST00000424518.1	1388	1399	chr4:183348278-183348909	318	329	11	0		M	-	A	0.36
hg19_wgEncodeGencodeBasicV12_ENST00000424518.1	422	432	chr4:183348278-183348909	403	413	10	0		R	-	A	0.6
hg19_wgEncodeGencodeBasicV12_ENST00000424518.1	1388	1399	chr4:26333076-26333676	328	339	11	0		M	-	P	0.36
hg19_wgEncodeGencodeBasicV12_ENST00000424518.1	674	684	chr4:54518366-54518896	427	437	10	0		R	+	A	0.5
hg19_wgEncodeGencodeBasicV12_ENST00000424518.1	1391	1401	chr4:60865502-60866055	496	506	10	0		M	+	A	0.3
hg19_wgEncodeGencodeBasicV12_ENST00000424518.1	1391	1401	chr4:78628099-78628679	209	219	10	0		M	-	P	0.3
hg19_wgEncodeGencodeBasicV12_ENST00000424518.1	1389	1401	chr5:112364174-112364804	569	581	12	0		M	-	P	0.33
hg19_wgEncodeGencodeBasicV12_ENST00000424518.1	1388	1398	chr5:11853522-11854202	340	350	10	0		M	-	P	0.4
hg19_wgEncodeGencodeBasicV12_ENST00000424518.1	391	401	chr5:123302475-123303151	293	303	10	0		R	+	A	0.6
hg19_wgEncodeGencodeBasicV12_ENST00000424518.1	1388	1398	chr5:123302475-123303151	297	307	10	0		M	+	P	0.4
hg19_wgEncodeGencodeBasicV12_ENST00000424518.1	840	850	chr5:133746047-133746676	323	333	10	0		R	+	A	0.5
hg19_wgEncodeGencodeBasicV12_ENST00000424518.1	843	853	chr5:138521525-138522203	135	145	10	0		R	-	A	0.3
hg19_wgEncodeGencodeBasicV12_ENST00000424518.1	843	853	chr5:143550028-143550885	590	600	10	0		R	-	A	0.3
hg19_wgEncodeGencodeBasicV12_ENST00000424518.1	841	851	chr5:153558578-153559435	29	39	10	0		R	-	A	0.4
hg19_wgEncodeGencodeBasicV12_ENST00000424518.1	1482	1492	chr5:153558578-153559435	819	829	10	0		M	+	P	0.6
hg19_wgEncodeGencodeBasicV12_ENST00000424518.1	1392	1402	chr5:167408820-167409372	238	248	10	0		M	-	A	0.4
hg19_wgEncodeGencodeBasicV12_ENST00000424518.1	390	400	chr5:40846442-40847019	8	18	10	0		R	+	A	0.6
hg19_wgEncodeGencodeBasicV12_ENST00000424518.1	839	849	chr5:86621968-86622670	371	381	10	0		R	-	A	0.5
hg19_wgEncodeGencodeBasicV12_ENST00000424518.1	1391	1401	chr6:116381204-116381935	539	549	10	0		M	-	A	0.3
hg19_wgEncodeGencodeBasicV12_ENST00000424518.1	426	436	chr6:12139163-12139767	304	314	10	0		R	-	A	0.7
hg19_wgEncodeGencodeBasicV12_ENST00000424518.1	1389	1399	chr6:129270978-129271756	397	407	10	0		M	+	P	0.3
hg19_wgEncodeGencodeBasicV12_ENST00000424518.1	509	519	chr6:129270978-129271756	559	569	10	0		R	+	A	0.4
hg19_wgEncodeGencodeBasicV12_ENST00000424518.1	675	685	chr6:138629830-138630359	178	188	10	0		R	-	A	0.6
hg19_wgEncodeGencodeBasicV12_ENST00000424518.1	842	852	chr6:138629830-138630359	459	469	10	0		R	-	A	0.3
hg19_wgEncodeGencodeBasicV12_ENST00000424518.1	838	850	chr6:153977253-153978009	182	194	12	0		R	-	A	0.5
hg19_wgEncodeGencodeBasicV12_ENST00000424518.1	426	436	chr6:1734922-1735525	554	564	10	0		R	-	A	0.7
hg19_wgEncodeGencodeBasicV12_ENST00000424518.1	673	683	chr6:24251467-24252074	505	515	10	0		R	-	A	0.6
hg19_wgEncodeGencodeBasicV12_ENST00000424518.1	2015	2025	chr6:24365617-24366249	374	384	10	0		R	+	A	0.1
hg19_wgEncodeGencodeBasicV12_ENST00000424518.1	41	51	chr6:31000892-31001498	125	135	10	0		R	+	A	0.4
hg19_wgEncodeGencodeBasicV12_ENST00000424518.1	1389	1400	chr6:31000892-31001498	229	240	11	0		M	+	P	0.27
hg19_wgEncodeGencodeBasicV12_ENST00000424518.1	425	437	chr6:34520419-34521223	509	521	12	0		R	+	A	0.67
hg19_wgEncodeGencodeBasicV12_ENST00000424518.1	426	436	chr6:41610468-41611250	230	240	10	0		R	-	A	0.7
hg19_wgEncodeGencodeBasicV12_ENST00000424518.1	842	852	chr6:47081489-47082241	426	436	10	0		R	-	A	0.3
hg19_wgEncodeGencodeBasicV12_ENST00000424518.1	427	437	chr6:47081489-47082241	621	631	10	0		R	+	A	0.7
hg19_wgEncodeGencodeBasicV12_ENST00000424518.1	391	401	chr6:49992764-49993368	146	156	10	0		R	+	A	0.6
hg19_wgEncodeGencodeBasicV12_ENST00000424518.1	426	436	chr6:51219215-51219765	164	174	10	0		R	-	A	0.7
hg19_wgEncodeGencodeBasicV12_ENST00000424518.1	2015	2025	chr6:6004598-6005528	759	769	10	0		R	-	A	0.1
hg19_wgEncodeGencodeBasicV12_ENST00000424518.1	675	685	chr6:753325-754028	400	410	10	0		R	-	A	0.6
hg19_wgEncodeGencodeBasicV12_ENST00000424518.1	842	853	chr6:77923528-77924058	93	104	11	0		R	+	A	0.27
hg19_wgEncodeGencodeBasicV12_ENST00000424518.1	675	685	chr6:88485302-88486007	394	404	10	0		R	-	A	0.6
hg19_wgEncodeGencodeBasicV12_ENST00000424518.1	1482	1492	chr7:106492586-106493342	534	544	10	0		M	-	A	0.6
hg19_wgEncodeGencodeBasicV12_ENST00000424518.1	838	849	chr7:132351232-132352110	315	326	11	0		R	+	A	0.55
hg19_wgEncodeGencodeBasicV12_ENST00000424518.1	838	848	chr7:141107403-141108158	381	391	10	0		R	-	A	0.5
hg19_wgEncodeGencodeBasicV12_ENST00000424518.1	673	684	chr7:147456439-147457195	670	681	11	0		R	-	A	0.55
hg19_wgEncodeGencodeBasicV12_ENST00000424518.1	2015	2025	chr7:15018171-15018752	266	276	10	0		R	-	A	0.1
hg19_wgEncodeGencodeBasicV12_ENST00000424518.1	1389	1400	chr7:157674838-157675513	513	524	11	0		M	+	P	0.27
hg19_wgEncodeGencodeBasicV12_ENST00000424518.1	41	51	chr7:158424713-158425592	0	10	10	0		R	-	A	0.4
hg19_wgEncodeGencodeBasicV12_ENST00000424518.1	509	519	chr7:158424713-158425592	859	869	10	0		R	-	A	0.4
hg19_wgEncodeGencodeBasicV12_ENST00000424518.1	671	683	chr7:23570650-23571277	484	496	12	0		R	+	A	0.58
hg19_wgEncodeGencodeBasicV12_ENST00000424518.1	840	851	chr7:23570650-23571277	66	77	11	0		R	+	A	0.45
hg19_wgEncodeGencodeBasicV12_ENST00000424518.1	1388	1398	chr7:24243224-24244002	764	774	10	0		M	+	P	0.4
hg19_wgEncodeGencodeBasicV12_ENST00000424518.1	422	432	chr7:26990397-26991149	258	268	10	0		R	+	A	0.6
hg19_wgEncodeGencodeBasicV12_ENST00000424518.1	1388	1398	chr7:41783122-41784002	440	450	10	0		M	-	P	0.4
hg19_wgEncodeGencodeBasicV12_ENST00000424518.1	673	683	chr7:6568197-6568903	23	33	10	0		R	+	A	0.6
hg19_wgEncodeGencodeBasicV12_ENST00000424518.1	670	680	chr7:92432585-92433091	85	95	10	0		R	+	A	0.6
hg19_wgEncodeGencodeBasicV12_ENST00000424518.1	422	432	chr7:92890835-92891340	233	243	10	0		R	-	A	0.6
hg19_wgEncodeGencodeBasicV12_ENST00000424518.1	427	437	chr8:11330514-11331343	611	621	10	0		R	+	A	0.7
hg19_wgEncodeGencodeBasicV12_ENST00000424518.1	2015	2025	chr8:119163244-119163921	169	179	10	0		R	-	A	0.1
hg19_wgEncodeGencodeBasicV12_ENST00000424518.1	2015	2025	chr8:120925666-120926419	630	640	10	0		R	-	A	0.1
hg19_wgEncodeGencodeBasicV12_ENST00000424518.1	423	434	chr8:120925666-120926419	725	736	11	0		R	-	A	0.55
hg19_wgEncodeGencodeBasicV12_ENST00000424518.1	1390	1401	chr8:124745590-124746168	47	58	11	0		M	-	P	0.36
hg19_wgEncodeGencodeBasicV12_ENST00000424518.1	41	51	chr8:125345469-125346345	719	729	10	0		R	+	A	0.4
hg19_wgEncodeGencodeBasicV12_ENST00000424518.1	424	435	chr8:143700970-143701601	261	272	11	0		R	-	A	0.64
hg19_wgEncodeGencodeBasicV12_ENST00000424518.1	424	435	chr8:143700970-143701601	268	279	11	0		R	-	A	0.64
hg19_wgEncodeGencodeBasicV12_ENST00000424518.1	1482	1492	chr8:37423964-37424620	498	508	10	0		M	+	A	0.6
hg19_wgEncodeGencodeBasicV12_ENST00000424518.1	1482	1492	chr8:37423964-37424620	91	101	10	0		M	+	P	0.6
hg19_wgEncodeGencodeBasicV12_ENST00000424518.1	509	519	chr8:79718868-79719421	318	328	10	0		R	+	A	0.4
hg19_wgEncodeGencodeBasicV12_ENST00000424518.1	1388	1398	chr8:79718868-79719421	319	329	10	0		M	+	A	0.4
hg19_wgEncodeGencodeBasicV12_ENST00000424518.1	390	401	chr8:82754492-82754973	286	297	11	0		R	+	A	0.64
hg19_wgEncodeGencodeBasicV12_ENST00000424518.1	1391	1401	chr8:95365049-95365851	264	274	10	0		M	+	A	0.3
hg19_wgEncodeGencodeBasicV12_ENST00000424518.1	1391	1401	chr8:95365049-95365851	266	276	10	0		M	+	P	0.3
hg19_wgEncodeGencodeBasicV12_ENST00000424518.1	1389	1399	chr8:95365049-95365851	678	688	10	0		M	+	P	0.3
hg19_wgEncodeGencodeBasicV12_ENST00000424518.1	389	400	chr8:96231370-96232026	2	13	11	0		R	-	A	0.64
hg19_wgEncodeGencodeBasicV12_ENST00000424518.1	422	432	chr9:127021854-127022407	12	22	10	0		R	-	A	0.6
hg19_wgEncodeGencodeBasicV12_ENST00000424518.1	427	437	chr9:127021854-127022407	390	400	10	0		R	+	A	0.7
hg19_wgEncodeGencodeBasicV12_ENST00000424518.1	422	432	chr9:128510404-128511106	613	623	10	0		R	-	A	0.6
hg19_wgEncodeGencodeBasicV12_ENST00000424518.1	1482	1492	chr9:130697677-130698406	287	297	10	0		M	+	A	0.6
hg19_wgEncodeGencodeBasicV12_ENST00000424518.1	1482	1492	chr9:135038878-135039581	572	582	10	0		M	-	P	0.6
hg19_wgEncodeGencodeBasicV12_ENST00000424518.1	1482	1492	chr9:135038878-135039581	579	589	10	0		M	-	A	0.6
hg19_wgEncodeGencodeBasicV12_ENST00000424518.1	391	401	chrX:139018281-139018910	479	489	10	0		R	+	A	0.6
hg19_wgEncodeGencodeBasicV12_ENST00000424518.1	674	685	chrX:139018281-139018910	483	494	11	0		R	+	A	0.55
hg19_wgEncodeGencodeBasicV12_ENST00000424518.1	1388	1399	chrX:147930679-147931111	259	270	11	0		M	-	A	0.36
hg19_wgEncodeGencodeBasicV12_ENST00000424518.1	1482	1492	chrX:53104021-53104628	384	394	10	0		M	-	P	0.6
hg19_wgEncodeGencodeBasicV12_ENST00000424518.1	838	848	chrX:7761675-7762551	416	426	10	0		R	+	A	0.5
# Sequence-ID	TFO start	TFO end	Duplex-ID	TTS start	TTS end	Score	Error-rate	Errors	Motif	Strand	Orientation	Guanine-rate
