chr10:1081297-1082053	636	646	hg19_wgEncodeGencodeBasicV12_ENST00000424518.1	2015	2025	10	0		M	+	A	0.1
chr10:109908182-109908761	223	233	hg19_wgEncodeGencodeBasicV12_ENST00000424518.1	509	519	10	0		M	+	P	0.4
chr10:135178806-135179438	383	393	hg19_wgEncodeGencodeBasicV12_ENST00000424518.1	673	683	10	0		Y	+	P	0.6
chr10:27165015-27165718	357	368	hg19_wgEncodeGencodeBasicV12_ENST00000424518.1	842	853	11	0		Y	+	P	0.27
chr10:36669215-36670095	757	767	hg19_wgEncodeGencodeBasicV12_ENST00000424518.1	842	852	10	0		M	+	P	0.3
chr10:36669215-36670095	757	767	hg19_wgEncodeGencodeBasicV12_ENST00000424518.1	843	853	10	0		M	+	A	0.3
chr10:64535717-64536372	50	60	hg19_wgEncodeGencodeBasicV12_ENST00000424518.1	2015	2025	10	0		Y	+	P	0.1
chr10:65482094-65482747	199	209	hg19_wgEncodeGencodeBasicV12_ENST00000424518.1	389	399	10	0		Y	+	P	0.7
chr10:76008293-76008994	664	674	hg19_wgEncodeGencodeBasicV12_ENST00000424518.1	426	436	10	0		R	+	A	0.7
chr10:91620241-91620945	514	525	hg19_wgEncodeGencodeBasicV12_ENST00000424518.1	842	853	11	0		R	+	A	0.27
chr1:103242062-103242838	218	228	hg19_wgEncodeGencodeBasicV12_ENST00000424518.1	669	679	10	0		R	+	A	0.6
chr11:108328713-108329291	179	189	hg19_wgEncodeGencodeBasicV12_ENST00000424518.1	2015	2025	10	0		Y	+	P	0.1
chr11:109015314-109016040	360	370	hg19_wgEncodeGencodeBasicV12_ENST00000424518.1	673	683	10	0		M	+	A	0.6
chr11:112841365-112842115	494	507	hg19_wgEncodeGencodeBasicV12_ENST00000424518.1	424	437	13	0		R	+	A	0.69
chr11:112841365-112842115	504	514	hg19_wgEncodeGencodeBasicV12_ENST00000424518.1	391	401	10	0		R	+	A	0.6
chr11:114533390-114534018	552	562	hg19_wgEncodeGencodeBasicV12_ENST00000424518.1	841	851	10	0		R	+	A	0.4
chr11:117481090-117481642	176	186	hg19_wgEncodeGencodeBasicV12_ENST00000424518.1	427	437	10	0		R	+	A	0.7
chr11:119778961-119779618	20	31	hg19_wgEncodeGencodeBasicV12_ENST00000424518.1	423	434	11	0		R	+	A	0.55
chr11:120262039-120262891	517	527	hg19_wgEncodeGencodeBasicV12_ENST00000424518.1	391	401	10	0		R	+	A	0.6
chr11:123622615-123623392	14	24	hg19_wgEncodeGencodeBasicV12_ENST00000424518.1	670	680	10	0		R	+	A	0.6
chr11:13789447-13790175	710	720	hg19_wgEncodeGencodeBasicV12_ENST00000424518.1	422	432	10	0		Y	+	P	0.6
chr1:114825599-114826353	32	42	hg19_wgEncodeGencodeBasicV12_ENST00000424518.1	390	400	10	0		M	+	A	0.6
chr11:17802445-17803298	584	594	hg19_wgEncodeGencodeBasicV12_ENST00000424518.1	391	401	10	0		R	+	A	0.6
chr1:12440913-12441663	276	286	hg19_wgEncodeGencodeBasicV12_ENST00000424518.1	509	519	10	0		M	+	P	0.4
chr11:35958621-35959352	193	203	hg19_wgEncodeGencodeBasicV12_ENST00000424518.1	2015	2025	10	0		R	+	A	0.1
chr11:45061246-45061977	600	610	hg19_wgEncodeGencodeBasicV12_ENST00000424518.1	390	400	10	0		Y	+	P	0.6
chr11:48064074-48064799	71	82	hg19_wgEncodeGencodeBasicV12_ENST00000424518.1	426	437	11	0		Y	+	P	0.73
chr11:63837745-63838827	579	590	hg19_wgEncodeGencodeBasicV12_ENST00000424518.1	424	435	11	0		R	+	A	0.64
chr11:63837745-63838827	938	948	hg19_wgEncodeGencodeBasicV12_ENST00000424518.1	426	436	10	0		Y	+	P	0.7
chr11:69214965-69215744	276	286	hg19_wgEncodeGencodeBasicV12_ENST00000424518.1	674	684	10	0		R	+	A	0.5
chr11:69678970-69679650	432	442	hg19_wgEncodeGencodeBasicV12_ENST00000424518.1	422	432	10	0		Y	+	P	0.6
chr1:172055527-172056277	638	648	hg19_wgEncodeGencodeBasicV12_ENST00000424518.1	41	51	10	0		Y	+	P	0.4
chr1:17531485-17532137	111	121	hg19_wgEncodeGencodeBasicV12_ENST00000424518.1	670	680	10	0		R	+	A	0.6
chr1:202672026-202672578	204	214	hg19_wgEncodeGencodeBasicV12_ENST00000424518.1	509	519	10	0		R	+	A	0.4
chr1:202672026-202672578	522	532	hg19_wgEncodeGencodeBasicV12_ENST00000424518.1	391	401	10	0		R	+	A	0.6
chr12:114594666-114595519	537	548	hg19_wgEncodeGencodeBasicV12_ENST00000424518.1	423	434	11	0		R	+	A	0.55
chr12:118485113-118485768	620	630	hg19_wgEncodeGencodeBasicV12_ENST00000424518.1	2015	2025	10	0		M	+	A	0.1
chr12:120216963-120217719	580	590	hg19_wgEncodeGencodeBasicV12_ENST00000424518.1	426	436	10	0		R	+	A	0.7
chr12:129820269-129821000	163	173	hg19_wgEncodeGencodeBasicV12_ENST00000424518.1	509	519	10	0		R	+	A	0.4
chr12:132196422-132197073	504	514	hg19_wgEncodeGencodeBasicV12_ENST00000424518.1	840	850	10	0		M	+	A	0.5
chr1:2227090-2228062	914	924	hg19_wgEncodeGencodeBasicV12_ENST00000424518.1	674	684	10	0		M	+	P	0.5
chr1:242088802-242089380	343	354	hg19_wgEncodeGencodeBasicV12_ENST00000424518.1	840	851	11	0		Y	+	P	0.45
chr12:54355881-54358432	1778	1789	hg19_wgEncodeGencodeBasicV12_ENST00000424518.1	842	853	11	0		Y	+	P	0.27
chr12:54359354-54360409	645	658	hg19_wgEncodeGencodeBasicV12_ENST00000424518.1	424	437	13	0		Y	+	P	0.69
chr12:54360679-54361484	14	25	hg19_wgEncodeGencodeBasicV12_ENST00000424518.1	425	436	11	0		R	+	A	0.64
chr12:54362209-54362784	376	386	hg19_wgEncodeGencodeBasicV12_ENST00000424518.1	2015	2025	10	0		M	+	A	0.1
chr12:69886179-69886835	238	248	hg19_wgEncodeGencodeBasicV12_ENST00000424518.1	389	399	10	0		R	+	A	0.7
chr12:76643847-76644425	155	165	hg19_wgEncodeGencodeBasicV12_ENST00000424518.1	2015	2025	10	0		R	+	A	0.1
chr12:87623491-87624069	326	336	hg19_wgEncodeGencodeBasicV12_ENST00000424518.1	843	853	10	0		Y	+	P	0.3
chr12:92788965-92789596	31	41	hg19_wgEncodeGencodeBasicV12_ENST00000424518.1	669	679	10	0		Y	+	P	0.6
chr1:33359184-33359841	294	304	hg19_wgEncodeGencodeBasicV12_ENST00000424518.1	426	436	10	0		Y	+	P	0.7
chr14:35877146-35877999	339	350	hg19_wgEncodeGencodeBasicV12_ENST00000424518.1	838	849	11	0		R	+	A	0.55
chr14:52717146-52717777	455	466	hg19_wgEncodeGencodeBasicV12_ENST00000424518.1	673	684	11	0		R	+	A	0.55
chr14:61672593-61673347	13	24	hg19_wgEncodeGencodeBasicV12_ENST00000424518.1	842	853	11	0		M	+	A	0.27
chr14:61672593-61673347	13	24	hg19_wgEncodeGencodeBasicV12_ENST00000424518.1	842	853	11	0		M	+	P	0.27
chr14:61672593-61673347	192	205	hg19_wgEncodeGencodeBasicV12_ENST00000424518.1	670	683	13	0		R	+	A	0.62
chr14:61672593-61673347	44	54	hg19_wgEncodeGencodeBasicV12_ENST00000424518.1	838	848	10	0		Y	+	P	0.5
chr14:70568194-70568946	293	304	hg19_wgEncodeGencodeBasicV12_ENST00000424518.1	674	685	11	0		R	+	A	0.55
chr1:5019739-5020468	231	241	hg19_wgEncodeGencodeBasicV12_ENST00000424518.1	674	684	10	0		R	+	A	0.5
chr1:54763586-54764464	789	799	hg19_wgEncodeGencodeBasicV12_ENST00000424518.1	390	400	10	0		Y	+	P	0.6
chr15:81378569-81379421	771	781	hg19_wgEncodeGencodeBasicV12_ENST00000424518.1	842	852	10	0		M	+	P	0.3
chr15:81378569-81379421	771	781	hg19_wgEncodeGencodeBasicV12_ENST00000424518.1	843	853	10	0		M	+	A	0.3
chr16:23870646-23871349	294	304	hg19_wgEncodeGencodeBasicV12_ENST00000424518.1	841	851	10	0		M	+	A	0.4
chr16:50647699-50648300	25	35	hg19_wgEncodeGencodeBasicV12_ENST00000424518.1	675	685	10	0		Y	+	P	0.6
chr16:58353896-58354677	402	414	hg19_wgEncodeGencodeBasicV12_ENST00000424518.1	389	401	12	0		R	+	A	0.67
chr1:68640059-68641136	399	409	hg19_wgEncodeGencodeBasicV12_ENST00000424518.1	669	679	10	0		Y	+	P	0.6
chr1:68640059-68641136	605	615	hg19_wgEncodeGencodeBasicV12_ENST00000424518.1	839	849	10	0		R	+	A	0.5
chr17:16362646-16363403	238	248	hg19_wgEncodeGencodeBasicV12_ENST00000424518.1	843	853	10	0		M	+	P	0.3
chr17:16362646-16363403	238	249	hg19_wgEncodeGencodeBasicV12_ENST00000424518.1	841	852	11	0		M	+	A	0.36
chr17:17967496-17968103	399	409	hg19_wgEncodeGencodeBasicV12_ENST00000424518.1	669	679	10	0		Y	+	P	0.6
chr17:31416333-31416937	19	29	hg19_wgEncodeGencodeBasicV12_ENST00000424518.1	424	434	10	0		R	+	A	0.6
chr17:37028747-37029302	307	317	hg19_wgEncodeGencodeBasicV12_ENST00000424518.1	669	679	10	0		Y	+	P	0.6
chr17:37028747-37029302	445	455	hg19_wgEncodeGencodeBasicV12_ENST00000424518.1	424	434	10	0		R	+	A	0.6
chr17:50466722-50467329	238	249	hg19_wgEncodeGencodeBasicV12_ENST00000424518.1	672	683	11	0		R	+	A	0.64
chr17:73844577-73845356	401	412	hg19_wgEncodeGencodeBasicV12_ENST00000424518.1	422	433	11	0		Y	+	P	0.55
chr17:78070178-78070955	504	514	hg19_wgEncodeGencodeBasicV12_ENST00000424518.1	389	399	10	0		Y	+	P	0.7
chr18:37629152-37629878	133	143	hg19_wgEncodeGencodeBasicV12_ENST00000424518.1	2015	2025	10	0		R	+	A	0.1
chr18:39593152-39593878	236	246	hg19_wgEncodeGencodeBasicV12_ENST00000424518.1	2015	2025	10	0		M	+	A	0.1
chr18:39593152-39593878	449	460	hg19_wgEncodeGencodeBasicV12_ENST00000424518.1	842	853	11	0		Y	+	P	0.27
chr18:39593152-39593878	470	480	hg19_wgEncodeGencodeBasicV12_ENST00000424518.1	509	519	10	0		Y	+	P	0.4
chr1:85687834-85688764	488	498	hg19_wgEncodeGencodeBasicV12_ENST00000424518.1	671	681	10	0		M	+	P	0.6
chr18:70274016-70274773	66	76	hg19_wgEncodeGencodeBasicV12_ENST00000424518.1	427	437	10	0		R	+	A	0.7
chr1:8879638-8880341	282	292	hg19_wgEncodeGencodeBasicV12_ENST00000424518.1	669	679	10	0		R	+	A	0.6
chr19:13140648-13141327	622	632	hg19_wgEncodeGencodeBasicV12_ENST00000424518.1	2015	2025	10	0		Y	+	P	0.1
chr19:43044110-43044687	528	539	hg19_wgEncodeGencodeBasicV12_ENST00000424518.1	426	437	11	0		M	+	P	0.73
chr19:47246284-47246961	414	424	hg19_wgEncodeGencodeBasicV12_ENST00000424518.1	669	679	10	0		M	+	P	0.6
chr19:48828434-48828987	233	243	hg19_wgEncodeGencodeBasicV12_ENST00000424518.1	391	401	10	0		R	+	A	0.6
chr19:48828434-48828987	306	316	hg19_wgEncodeGencodeBasicV12_ENST00000424518.1	426	436	10	0		R	+	A	0.7
chr19:48828434-48828987	352	362	hg19_wgEncodeGencodeBasicV12_ENST00000424518.1	669	679	10	0		R	+	A	0.6
chr19:50879538-50880163	378	388	hg19_wgEncodeGencodeBasicV12_ENST00000424518.1	675	685	10	0		Y	+	P	0.6
chr19:50879538-50880163	383	393	hg19_wgEncodeGencodeBasicV12_ENST00000424518.1	422	432	10	0		Y	+	P	0.6
chr19:58528286-58528937	27	37	hg19_wgEncodeGencodeBasicV12_ENST00000424518.1	670	680	10	0		M	+	A	0.6
chr1:98513558-98514311	352	362	hg19_wgEncodeGencodeBasicV12_ENST00000424518.1	840	850	10	0		Y	+	P	0.5
chr1:98513558-98514311	630	641	hg19_wgEncodeGencodeBasicV12_ENST00000424518.1	842	853	11	0		R	+	A	0.27
chr20:31603036-31603816	411	421	hg19_wgEncodeGencodeBasicV12_ENST00000424518.1	840	850	10	0		R	+	A	0.5
chr20:31603036-31603816	711	721	hg19_wgEncodeGencodeBasicV12_ENST00000424518.1	427	437	10	0		M	+	A	0.7
chr20:34282935-34283560	98	108	hg19_wgEncodeGencodeBasicV12_ENST00000424518.1	41	51	10	0		M	+	P	0.4
chr20:41002085-41002862	274	284	hg19_wgEncodeGencodeBasicV12_ENST00000424518.1	669	679	10	0		R	+	A	0.6
chr20:41707235-41707863	552	562	hg19_wgEncodeGencodeBasicV12_ENST00000424518.1	390	400	10	0		Y	+	P	0.6
chr20:41707235-41707863	597	609	hg19_wgEncodeGencodeBasicV12_ENST00000424518.1	389	401	12	0		Y	+	P	0.67
chr20:49265239-49266239	738	748	hg19_wgEncodeGencodeBasicV12_ENST00000424518.1	2015	2025	10	0		R	+	A	0.1
chr20:50919191-50919992	234	244	hg19_wgEncodeGencodeBasicV12_ENST00000424518.1	671	681	10	0		M	+	A	0.6
chr20:50919191-50919992	237	247	hg19_wgEncodeGencodeBasicV12_ENST00000424518.1	426	436	10	0		M	+	A	0.7
chr20:54724493-54725296	106	116	hg19_wgEncodeGencodeBasicV12_ENST00000424518.1	509	519	10	0		Y	+	P	0.4
chr20:55532415-55533243	476	486	hg19_wgEncodeGencodeBasicV12_ENST00000424518.1	840	850	10	0		Y	+	P	0.5
chr20:61915876-61916357	449	459	hg19_wgEncodeGencodeBasicV12_ENST00000424518.1	391	401	10	0		M	+	A	0.6
chr20:62579753-62580455	77	87	hg19_wgEncodeGencodeBasicV12_ENST00000424518.1	422	432	10	0		R	+	A	0.6
chr2:10424424-10425200	58	68	hg19_wgEncodeGencodeBasicV12_ENST00000424518.1	675	685	10	0		M	+	A	0.6
chr2:127013102-127013629	260	270	hg19_wgEncodeGencodeBasicV12_ENST00000424518.1	672	682	10	0		R	+	A	0.6
chr2:133377926-133378480	334	345	hg19_wgEncodeGencodeBasicV12_ENST00000424518.1	674	685	11	0		Y	+	P	0.55
chr21:43389779-43390283	16	26	hg19_wgEncodeGencodeBasicV12_ENST00000424518.1	2015	2025	10	0		M	+	A	0.1
chr21:43739502-43740133	96	107	hg19_wgEncodeGencodeBasicV12_ENST00000424518.1	425	436	11	0		R	+	A	0.64
chr2:157348825-157349456	258	268	hg19_wgEncodeGencodeBasicV12_ENST00000424518.1	842	852	10	0		M	+	A	0.3
chr2:157348825-157349456	258	268	hg19_wgEncodeGencodeBasicV12_ENST00000424518.1	843	853	10	0		M	+	P	0.3
chr2:167936328-167937057	107	117	hg19_wgEncodeGencodeBasicV12_ENST00000424518.1	842	852	10	0		M	+	P	0.3
chr2:167936328-167937057	107	117	hg19_wgEncodeGencodeBasicV12_ENST00000424518.1	843	853	10	0		M	+	A	0.3
chr2:167936328-167937057	242	252	hg19_wgEncodeGencodeBasicV12_ENST00000424518.1	2015	2025	10	0		R	+	A	0.1
chr2:168930853-168931654	352	362	hg19_wgEncodeGencodeBasicV12_ENST00000424518.1	509	519	10	0		M	+	A	0.4
chr2:217603701-217604406	112	122	hg19_wgEncodeGencodeBasicV12_ENST00000424518.1	842	852	10	0		M	+	P	0.3
chr2:217603701-217604406	112	122	hg19_wgEncodeGencodeBasicV12_ENST00000424518.1	843	853	10	0		M	+	A	0.3
chr2:221163479-221164306	305	315	hg19_wgEncodeGencodeBasicV12_ENST00000424518.1	674	684	10	0		R	+	A	0.5
chr2:221163479-221164306	67	78	hg19_wgEncodeGencodeBasicV12_ENST00000424518.1	841	852	11	0		Y	+	P	0.36
chr2:222095606-222096283	21	31	hg19_wgEncodeGencodeBasicV12_ENST00000424518.1	427	437	10	0		R	+	A	0.7
chr22:30816498-30817101	154	164	hg19_wgEncodeGencodeBasicV12_ENST00000424518.1	669	679	10	0		M	+	A	0.6
chr2:38634669-38635322	143	153	hg19_wgEncodeGencodeBasicV12_ENST00000424518.1	2015	2025	10	0		M	+	P	0.1
chr2:42185542-42186296	649	659	hg19_wgEncodeGencodeBasicV12_ENST00000424518.1	2015	2025	10	0		Y	+	P	0.1
chr2:45144092-45144670	36	46	hg19_wgEncodeGencodeBasicV12_ENST00000424518.1	675	685	10	0		R	+	A	0.6
chr2:45824696-45825397	464	474	hg19_wgEncodeGencodeBasicV12_ENST00000424518.1	509	519	10	0		R	+	A	0.4
chr2:45824696-45825397	469	479	hg19_wgEncodeGencodeBasicV12_ENST00000424518.1	674	684	10	0		R	+	A	0.5
chr2:95795173-95795850	128	138	hg19_wgEncodeGencodeBasicV12_ENST00000424518.1	425	435	10	0		Y	+	P	0.6
chr2:95795173-95795850	571	581	hg19_wgEncodeGencodeBasicV12_ENST00000424518.1	838	848	10	0		M	+	P	0.5
chr3:107771731-107772488	351	361	hg19_wgEncodeGencodeBasicV12_ENST00000424518.1	840	850	10	0		R	+	A	0.5
chr3:140988560-140989060	304	314	hg19_wgEncodeGencodeBasicV12_ENST00000424518.1	669	679	10	0		R	+	A	0.6
chr3:166470183-166470781	254	264	hg19_wgEncodeGencodeBasicV12_ENST00000424518.1	840	850	10	0		Y	+	P	0.5
chr3:166470183-166470781	87	97	hg19_wgEncodeGencodeBasicV12_ENST00000424518.1	509	519	10	0		M	+	P	0.4
chr3:179693202-179693931	37	50	hg19_wgEncodeGencodeBasicV12_ENST00000424518.1	839	852	13	0		R	+	A	0.38
chr3:186016302-186016982	354	365	hg19_wgEncodeGencodeBasicV12_ENST00000424518.1	390	401	11	0		M	+	A	0.64
chr3:197628049-197628730	485	495	hg19_wgEncodeGencodeBasicV12_ENST00000424518.1	425	435	10	0		R	+	A	0.6
chr3:56551032-56551561	423	433	hg19_wgEncodeGencodeBasicV12_ENST00000424518.1	840	850	10	0		R	+	A	0.5
chr3:66059331-66060062	165	175	hg19_wgEncodeGencodeBasicV12_ENST00000424518.1	842	852	10	0		Y	+	P	0.3
chr3:67261310-67261886	500	510	hg19_wgEncodeGencodeBasicV12_ENST00000424518.1	670	680	10	0		R	+	A	0.6
chr3:78399933-78400636	417	427	hg19_wgEncodeGencodeBasicV12_ENST00000424518.1	838	848	10	0		Y	+	P	0.5
chr3:85996581-85997235	355	365	hg19_wgEncodeGencodeBasicV12_ENST00000424518.1	675	685	10	0		M	+	A	0.6
chr3:9778298-9779102	562	574	hg19_wgEncodeGencodeBasicV12_ENST00000424518.1	669	681	12	0		Y	+	P	0.58
chr3:99638631-99639386	471	481	hg19_wgEncodeGencodeBasicV12_ENST00000424518.1	2015	2025	10	0		Y	+	P	0.1
chr4:139340023-139340703	343	354	hg19_wgEncodeGencodeBasicV12_ENST00000424518.1	840	851	11	0		R	+	A	0.45
chr4:145496271-145496878	160	173	hg19_wgEncodeGencodeBasicV12_ENST00000424518.1	839	852	13	0		M	+	P	0.38
chr4:145496271-145496878	163	173	hg19_wgEncodeGencodeBasicV12_ENST00000424518.1	843	853	10	0		M	+	A	0.3
chr4:183348278-183348909	403	413	hg19_wgEncodeGencodeBasicV12_ENST00000424518.1	422	432	10	0		Y	+	P	0.6
chr4:54518366-54518896	427	437	hg19_wgEncodeGencodeBasicV12_ENST00000424518.1	674	684	10	0		R	+	A	0.5
chr5:118611024-118611704	343	354	hg19_wgEncodeGencodeBasicV12_ENST00000424518.1	842	853	11	0		M	+	P	0.27
chr5:118611024-118611704	343	355	hg19_wgEncodeGencodeBasicV12_ENST00000424518.1	841	853	12	0		M	+	A	0.33
chr5:123302475-123303151	293	303	hg19_wgEncodeGencodeBasicV12_ENST00000424518.1	391	401	10	0		R	+	A	0.6
chr5:133746047-133746676	323	333	hg19_wgEncodeGencodeBasicV12_ENST00000424518.1	840	850	10	0		R	+	A	0.5
chr5:138521525-138522203	135	145	hg19_wgEncodeGencodeBasicV12_ENST00000424518.1	843	853	10	0		Y	+	P	0.3
chr5:143550028-143550885	590	600	hg19_wgEncodeGencodeBasicV12_ENST00000424518.1	843	853	10	0		Y	+	P	0.3
chr5:153558578-153559435	29	39	hg19_wgEncodeGencodeBasicV12_ENST00000424518.1	841	851	10	0		Y	+	P	0.4
chr5:40846442-40847019	8	18	hg19_wgEncodeGencodeBasicV12_ENST00000424518.1	390	400	10	0		R	+	A	0.6
chr5:85197692-85198297	156	166	hg19_wgEncodeGencodeBasicV12_ENST00000424518.1	2015	2025	10	0		M	+	P	0.1
chr5:86621968-86622670	371	381	hg19_wgEncodeGencodeBasicV12_ENST00000424518.1	839	849	10	0		Y	+	P	0.5
chr5:86692366-86693094	389	399	hg19_wgEncodeGencodeBasicV12_ENST00000424518.1	843	853	10	0		M	+	P	0.3
chr5:86692366-86693094	389	400	hg19_wgEncodeGencodeBasicV12_ENST00000424518.1	841	852	11	0		M	+	A	0.36
chr6:12139163-12139767	304	314	hg19_wgEncodeGencodeBasicV12_ENST00000424518.1	426	436	10	0		Y	+	P	0.7
chr6:129270978-129271756	559	569	hg19_wgEncodeGencodeBasicV12_ENST00000424518.1	509	519	10	0		R	+	A	0.4
chr6:138629830-138630359	178	188	hg19_wgEncodeGencodeBasicV12_ENST00000424518.1	675	685	10	0		Y	+	P	0.6
chr6:138629830-138630359	459	469	hg19_wgEncodeGencodeBasicV12_ENST00000424518.1	842	852	10	0		Y	+	P	0.3
chr6:153977253-153978009	182	194	hg19_wgEncodeGencodeBasicV12_ENST00000424518.1	838	850	12	0		Y	+	P	0.5
chr6:1734922-1735525	554	564	hg19_wgEncodeGencodeBasicV12_ENST00000424518.1	426	436	10	0		Y	+	P	0.7
chr6:24251467-24252074	505	515	hg19_wgEncodeGencodeBasicV12_ENST00000424518.1	673	683	10	0		Y	+	P	0.6
chr6:24365617-24366249	374	384	hg19_wgEncodeGencodeBasicV12_ENST00000424518.1	2015	2025	10	0		R	+	A	0.1
chr6:31000892-31001498	125	135	hg19_wgEncodeGencodeBasicV12_ENST00000424518.1	41	51	10	0		R	+	A	0.4
chr6:34520419-34521223	509	521	hg19_wgEncodeGencodeBasicV12_ENST00000424518.1	425	437	12	0		R	+	A	0.67
chr6:41610468-41611250	230	240	hg19_wgEncodeGencodeBasicV12_ENST00000424518.1	426	436	10	0		Y	+	P	0.7
chr6:47081489-47082241	426	436	hg19_wgEncodeGencodeBasicV12_ENST00000424518.1	842	852	10	0		Y	+	P	0.3
chr6:47081489-47082241	621	631	hg19_wgEncodeGencodeBasicV12_ENST00000424518.1	427	437	10	0		R	+	A	0.7
chr6:49992764-49993368	146	156	hg19_wgEncodeGencodeBasicV12_ENST00000424518.1	391	401	10	0		R	+	A	0.6
chr6:51219215-51219765	164	174	hg19_wgEncodeGencodeBasicV12_ENST00000424518.1	426	436	10	0		Y	+	P	0.7
chr6:6004598-6005528	759	769	hg19_wgEncodeGencodeBasicV12_ENST00000424518.1	2015	2025	10	0		Y	+	P	0.1
chr6:753325-754028	400	410	hg19_wgEncodeGencodeBasicV12_ENST00000424518.1	675	685	10	0		Y	+	P	0.6
chr6:77923528-77924058	93	104	hg19_wgEncodeGencodeBasicV12_ENST00000424518.1	842	853	11	0		R	+	A	0.27
chr6:88485302-88486007	394	404	hg19_wgEncodeGencodeBasicV12_ENST00000424518.1	675	685	10	0		Y	+	P	0.6
chr6:97513827-97514453	353	363	hg19_wgEncodeGencodeBasicV12_ENST00000424518.1	389	399	10	0		M	+	A	0.7
chr6:97513827-97514453	354	365	hg19_wgEncodeGencodeBasicV12_ENST00000424518.1	389	400	11	0		M	+	P	0.64
chr7:132351232-132352110	315	326	hg19_wgEncodeGencodeBasicV12_ENST00000424518.1	838	849	11	0		R	+	A	0.55
chr7:141107403-141108158	381	391	hg19_wgEncodeGencodeBasicV12_ENST00000424518.1	838	848	10	0		Y	+	P	0.5
chr7:147456439-147457195	670	681	hg19_wgEncodeGencodeBasicV12_ENST00000424518.1	673	684	11	0		Y	+	P	0.55
chr7:15018171-15018752	266	276	hg19_wgEncodeGencodeBasicV12_ENST00000424518.1	2015	2025	10	0		Y	+	P	0.1
chr7:158424713-158425592	0	10	hg19_wgEncodeGencodeBasicV12_ENST00000424518.1	41	51	10	0		Y	+	P	0.4
chr7:158424713-158425592	859	869	hg19_wgEncodeGencodeBasicV12_ENST00000424518.1	509	519	10	0		Y	+	P	0.4
chr7:21761622-21762450	469	479	hg19_wgEncodeGencodeBasicV12_ENST00000424518.1	41	51	10	0		M	+	P	0.4
chr7:23570650-23571277	484	496	hg19_wgEncodeGencodeBasicV12_ENST00000424518.1	671	683	12	0		R	+	A	0.58
chr7:23570650-23571277	66	77	hg19_wgEncodeGencodeBasicV12_ENST00000424518.1	840	851	11	0		R	+	A	0.45
chr7:26990397-26991149	258	268	hg19_wgEncodeGencodeBasicV12_ENST00000424518.1	422	432	10	0		R	+	A	0.6
chr7:6568197-6568903	23	33	hg19_wgEncodeGencodeBasicV12_ENST00000424518.1	673	683	10	0		R	+	A	0.6
chr7:92432585-92433091	85	95	hg19_wgEncodeGencodeBasicV12_ENST00000424518.1	670	680	10	0		R	+	A	0.6
chr7:92890835-92891340	233	243	hg19_wgEncodeGencodeBasicV12_ENST00000424518.1	422	432	10	0		Y	+	P	0.6
chr8:11330514-11331343	611	621	hg19_wgEncodeGencodeBasicV12_ENST00000424518.1	427	437	10	0		R	+	A	0.7
chr8:119163244-119163921	169	179	hg19_wgEncodeGencodeBasicV12_ENST00000424518.1	2015	2025	10	0		Y	+	P	0.1
chr8:120925666-120926419	630	640	hg19_wgEncodeGencodeBasicV12_ENST00000424518.1	2015	2025	10	0		Y	+	P	0.1
chr8:120925666-120926419	725	736	hg19_wgEncodeGencodeBasicV12_ENST00000424518.1	423	434	11	0		Y	+	P	0.55
chr8:125345469-125346345	719	729	hg19_wgEncodeGencodeBasicV12_ENST00000424518.1	41	51	10	0		R	+	A	0.4
chr8:143700970-143701601	261	272	hg19_wgEncodeGencodeBasicV12_ENST00000424518.1	424	435	11	0		Y	+	P	0.64
chr8:143700970-143701601	268	279	hg19_wgEncodeGencodeBasicV12_ENST00000424518.1	424	435	11	0		Y	+	P	0.64
chr8:43097566-43098245	524	534	hg19_wgEncodeGencodeBasicV12_ENST00000424518.1	2015	2025	10	0		M	+	A	0.1
chr8:79718868-79719421	318	328	hg19_wgEncodeGencodeBasicV12_ENST00000424518.1	509	519	10	0		R	+	A	0.4
chr8:82754492-82754973	286	297	hg19_wgEncodeGencodeBasicV12_ENST00000424518.1	390	401	11	0		R	+	A	0.64
chr8:95365049-95365851	92	102	hg19_wgEncodeGencodeBasicV12_ENST00000424518.1	391	401	10	0		M	+	P	0.6
chr8:96231370-96232026	2	13	hg19_wgEncodeGencodeBasicV12_ENST00000424518.1	389	400	11	0		Y	+	P	0.64
chr8:99184798-99185572	589	599	hg19_wgEncodeGencodeBasicV12_ENST00000424518.1	675	685	10	0		M	+	P	0.6
chr8:99184798-99185572	80	90	hg19_wgEncodeGencodeBasicV12_ENST00000424518.1	391	401	10	0		M	+	P	0.6
chr9:127021854-127022407	12	22	hg19_wgEncodeGencodeBasicV12_ENST00000424518.1	422	432	10	0		Y	+	P	0.6
chr9:127021854-127022407	390	400	hg19_wgEncodeGencodeBasicV12_ENST00000424518.1	427	437	10	0		R	+	A	0.7
chr9:128510404-128511106	613	623	hg19_wgEncodeGencodeBasicV12_ENST00000424518.1	422	432	10	0		Y	+	P	0.6
chr9:131307853-131308655	355	365	hg19_wgEncodeGencodeBasicV12_ENST00000424518.1	391	401	10	0		M	+	A	0.6
chrX:139018281-139018910	479	489	hg19_wgEncodeGencodeBasicV12_ENST00000424518.1	391	401	10	0		R	+	A	0.6
chrX:139018281-139018910	483	494	hg19_wgEncodeGencodeBasicV12_ENST00000424518.1	674	685	11	0		R	+	A	0.55
chrX:7761675-7762551	416	426	hg19_wgEncodeGencodeBasicV12_ENST00000424518.1	838	848	10	0		R	+	A	0.5
# Sequence-ID	TFO start	TFO end	Duplex-ID	TTS start	TTS end	Score	Error-rate	Errors	Motif	Strand	Orientation	Guanine-rate
